<?xml version="1.0" encoding="UTF-8"?>
<!-- Generated by org.testng.reporters.JUnitXMLReporter -->
<testsuite ignored="0" hostname="DESKTOP-080NALV" failures="0" tests="116" name="Default test" time="2.521" errors="0" timestamp="2020-11-11T17:38:24 IST">
  <testcase classname="com.qainfotech.tap.training.snl.api.BoardTest" name="New_Player_Postition_Must_Be_Zero" time="0.047"/>
  <testcase classname="com.qainfotech.tap.training.snl.api.BoardTest" name="New_Player_Postition_Must_Be_Zero" time="0.011"/>
  <testcase classname="com.qainfotech.tap.training.snl.api.BoardTest" name="New_Player_Postition_Must_Be_Zero" time="0.009"/>
  <testcase classname="com.qainfotech.tap.training.snl.api.BoardTest" name="New_Player_Postition_Must_Be_Zero" time="0.009"/>
  <testcase classname="com.qainfotech.tap.training.snl.api.BoardTest" name="New_Player_Postition_Must_Be_Zero" time="0.015"/>
  <testcase classname="com.qainfotech.tap.training.snl.api.BoardTest" name="New_Player_Postition_Must_Be_Zero" time="0.014"/>
  <testcase classname="com.qainfotech.tap.training.snl.api.BoardTest" name="New_Player_Postition_Must_Be_Zero" time="0.011"/>
  <testcase classname="com.qainfotech.tap.training.snl.api.BoardTest" name="New_Player_Postition_Must_Be_Zero" time="0.011"/>
  <testcase classname="com.qainfotech.tap.training.snl.api.BoardTest" name="New_Player_Postition_Must_Be_Zero" time="0.009"/>
  <testcase classname="com.qainfotech.tap.training.snl.api.BoardTest" name="New_Player_Postition_Must_Be_Zero" time="0.009"/>
  <testcase classname="com.qainfotech.tap.training.snl.api.BoardTest" name="check_If_Player_Is_Deleted" time="0.009"/>
  <testcase classname="com.qainfotech.tap.training.snl.api.BoardTest" name="check_If_rollDice_Produces_Result_Between_1_And_6" time="0.016"/>
  <testcase classname="com.qainfotech.tap.training.snl.api.BoardTest" name="check_If_rollDice_Produces_Result_Between_1_And_6" time="0.009"/>
  <testcase classname="com.qainfotech.tap.training.snl.api.BoardTest" name="check_If_rollDice_Produces_Result_Between_1_And_6" time="0.02"/>
  <testcase classname="com.qainfotech.tap.training.snl.api.BoardTest" name="check_If_rollDice_Produces_Result_Between_1_And_6" time="0.009"/>
  <testcase classname="com.qainfotech.tap.training.snl.api.BoardTest" name="check_If_rollDice_Produces_Result_Between_1_And_6" time="0.015"/>
  <testcase classname="com.qainfotech.tap.training.snl.api.BoardTest" name="check_If_rollDice_Produces_Result_Between_1_And_6" time="0.013"/>
  <testcase classname="com.qainfotech.tap.training.snl.api.BoardTest" name="check_If_rollDice_Produces_Result_Between_1_And_6" time="0.009"/>
  <testcase classname="com.qainfotech.tap.training.snl.api.BoardTest" name="check_If_rollDice_Produces_Result_Between_1_And_6" time="0.008"/>
  <testcase classname="com.qainfotech.tap.training.snl.api.BoardTest" name="check_If_rollDice_Produces_Result_Between_1_And_6" time="0.008"/>
  <testcase classname="com.qainfotech.tap.training.snl.api.BoardTest" name="check_If_rollDice_Produces_Result_Between_1_And_6" time="0.009"/>
  <testcase classname="com.qainfotech.tap.training.snl.api.BoardTest" name="check_If_rollDice_Produces_Result_Between_1_And_6" time="0.009"/>
  <testcase classname="com.qainfotech.tap.training.snl.api.BoardTest" name="check_If_rollDice_Produces_Result_Between_1_And_6" time="0.016"/>
  <testcase classname="com.qainfotech.tap.training.snl.api.BoardTest" name="check_If_rollDice_Produces_Result_Between_1_And_6" time="0.012"/>
  <testcase classname="com.qainfotech.tap.training.snl.api.BoardTest" name="check_If_rollDice_Produces_Result_Between_1_And_6" time="0.011"/>
  <testcase classname="com.qainfotech.tap.training.snl.api.BoardTest" name="check_If_rollDice_Produces_Result_Between_1_And_6" time="0.009"/>
  <testcase classname="com.qainfotech.tap.training.snl.api.BoardTest" name="check_If_rollDice_Produces_Result_Between_1_And_6" time="0.009"/>
  <testcase classname="com.qainfotech.tap.training.snl.api.BoardTest" name="check_If_rollDice_Produces_Result_Between_1_And_6" time="0.009"/>
  <testcase classname="com.qainfotech.tap.training.snl.api.BoardTest" name="check_If_rollDice_Produces_Result_Between_1_And_6" time="0.009"/>
  <testcase classname="com.qainfotech.tap.training.snl.api.BoardTest" name="check_If_rollDice_Produces_Result_Between_1_And_6" time="0.008"/>
  <testcase classname="com.qainfotech.tap.training.snl.api.BoardTest" name="check_If_rollDice_Produces_Result_Between_1_And_6" time="0.01"/>
  <testcase classname="com.qainfotech.tap.training.snl.api.BoardTest" name="check_If_rollDice_Produces_Result_Between_1_And_6" time="0.01"/>
  <testcase classname="com.qainfotech.tap.training.snl.api.BoardTest" name="check_If_rollDice_Produces_Result_Between_1_And_6" time="0.012"/>
  <testcase classname="com.qainfotech.tap.training.snl.api.BoardTest" name="check_If_rollDice_Produces_Result_Between_1_And_6" time="0.008"/>
  <testcase classname="com.qainfotech.tap.training.snl.api.BoardTest" name="check_If_rollDice_Produces_Result_Between_1_And_6" time="0.02"/>
  <testcase classname="com.qainfotech.tap.training.snl.api.BoardTest" name="check_If_rollDice_Produces_Result_Between_1_And_6" time="0.011"/>
  <testcase classname="com.qainfotech.tap.training.snl.api.BoardTest" name="check_If_rollDice_Produces_Result_Between_1_And_6" time="0.01"/>
  <testcase classname="com.qainfotech.tap.training.snl.api.BoardTest" name="check_If_rollDice_Produces_Result_Between_1_And_6" time="0.009"/>
  <testcase classname="com.qainfotech.tap.training.snl.api.BoardTest" name="check_If_rollDice_Produces_Result_Between_1_And_6" time="0.011"/>
  <testcase classname="com.qainfotech.tap.training.snl.api.BoardTest" name="check_If_rollDice_Produces_Result_Between_1_And_6" time="0.017"/>
  <testcase classname="com.qainfotech.tap.training.snl.api.BoardTest" name="check_If_rollDice_Produces_Result_Between_1_And_6" time="0.028"/>
  <testcase classname="com.qainfotech.tap.training.snl.api.BoardTest" name="check_If_rollDice_Produces_Result_Between_1_And_6" time="0.013"/>
  <testcase classname="com.qainfotech.tap.training.snl.api.BoardTest" name="check_If_rollDice_Produces_Result_Between_1_And_6" time="0.013"/>
  <testcase classname="com.qainfotech.tap.training.snl.api.BoardTest" name="check_If_rollDice_Produces_Result_Between_1_And_6" time="0.013"/>
  <testcase classname="com.qainfotech.tap.training.snl.api.BoardTest" name="check_If_rollDice_Produces_Result_Between_1_And_6" time="0.013"/>
  <testcase classname="com.qainfotech.tap.training.snl.api.BoardTest" name="check_If_rollDice_Produces_Result_Between_1_And_6" time="0.019"/>
  <testcase classname="com.qainfotech.tap.training.snl.api.BoardTest" name="check_If_rollDice_Produces_Result_Between_1_And_6" time="0.015"/>
  <testcase classname="com.qainfotech.tap.training.snl.api.BoardTest" name="check_If_rollDice_Produces_Result_Between_1_And_6" time="0.016"/>
  <testcase classname="com.qainfotech.tap.training.snl.api.BoardTest" name="check_If_rollDice_Produces_Result_Between_1_And_6" time="0.011"/>
  <testcase classname="com.qainfotech.tap.training.snl.api.BoardTest" name="check_If_rollDice_Produces_Result_Between_1_And_6" time="0.023"/>
  <testcase classname="com.qainfotech.tap.training.snl.api.BoardTest" name="check_If_rollDice_Produces_Result_Between_1_And_6" time="0.01"/>
  <testcase classname="com.qainfotech.tap.training.snl.api.BoardTest" name="check_If_rollDice_Produces_Result_Between_1_And_6" time="0.021"/>
  <testcase classname="com.qainfotech.tap.training.snl.api.BoardTest" name="check_If_rollDice_Produces_Result_Between_1_And_6" time="0.032"/>
  <testcase classname="com.qainfotech.tap.training.snl.api.BoardTest" name="check_If_rollDice_Produces_Result_Between_1_And_6" time="0.016"/>
  <testcase classname="com.qainfotech.tap.training.snl.api.BoardTest" name="check_If_rollDice_Produces_Result_Between_1_And_6" time="0.007"/>
  <testcase classname="com.qainfotech.tap.training.snl.api.BoardTest" name="check_If_rollDice_Produces_Result_Between_1_And_6" time="0.008"/>
  <testcase classname="com.qainfotech.tap.training.snl.api.BoardTest" name="check_If_rollDice_Produces_Result_Between_1_And_6" time="0.041"/>
  <testcase classname="com.qainfotech.tap.training.snl.api.BoardTest" name="check_If_rollDice_Produces_Result_Between_1_And_6" time="0.054"/>
  <testcase classname="com.qainfotech.tap.training.snl.api.BoardTest" name="check_If_rollDice_Produces_Result_Between_1_And_6" time="0.193"/>
  <testcase classname="com.qainfotech.tap.training.snl.api.BoardTest" name="check_If_rollDice_Produces_Result_Between_1_And_6" time="0.063"/>
  <testcase classname="com.qainfotech.tap.training.snl.api.BoardTest" name="check_If_rollDice_Produces_Result_Between_1_And_6" time="0.027"/>
  <testcase classname="com.qainfotech.tap.training.snl.api.BoardTest" name="check_If_rollDice_Produces_Result_Between_1_And_6" time="0.016"/>
  <testcase classname="com.qainfotech.tap.training.snl.api.BoardTest" name="check_If_rollDice_Produces_Result_Between_1_And_6" time="0.018"/>
  <testcase classname="com.qainfotech.tap.training.snl.api.BoardTest" name="check_If_rollDice_Produces_Result_Between_1_And_6" time="0.017"/>
  <testcase classname="com.qainfotech.tap.training.snl.api.BoardTest" name="check_If_rollDice_Produces_Result_Between_1_And_6" time="0.012"/>
  <testcase classname="com.qainfotech.tap.training.snl.api.BoardTest" name="check_If_rollDice_Produces_Result_Between_1_And_6" time="0.021"/>
  <testcase classname="com.qainfotech.tap.training.snl.api.BoardTest" name="check_If_rollDice_Produces_Result_Between_1_And_6" time="0.023"/>
  <testcase classname="com.qainfotech.tap.training.snl.api.BoardTest" name="check_If_rollDice_Produces_Result_Between_1_And_6" time="0.016"/>
  <testcase classname="com.qainfotech.tap.training.snl.api.BoardTest" name="check_If_rollDice_Produces_Result_Between_1_And_6" time="0.018"/>
  <testcase classname="com.qainfotech.tap.training.snl.api.BoardTest" name="check_If_rollDice_Produces_Result_Between_1_And_6" time="0.008"/>
  <testcase classname="com.qainfotech.tap.training.snl.api.BoardTest" name="check_If_rollDice_Produces_Result_Between_1_And_6" time="0.009"/>
  <testcase classname="com.qainfotech.tap.training.snl.api.BoardTest" name="check_If_rollDice_Produces_Result_Between_1_And_6" time="0.007"/>
  <testcase classname="com.qainfotech.tap.training.snl.api.BoardTest" name="check_If_rollDice_Produces_Result_Between_1_And_6" time="0.01"/>
  <testcase classname="com.qainfotech.tap.training.snl.api.BoardTest" name="check_If_rollDice_Produces_Result_Between_1_And_6" time="0.01"/>
  <testcase classname="com.qainfotech.tap.training.snl.api.BoardTest" name="check_If_rollDice_Produces_Result_Between_1_And_6" time="0.007"/>
  <testcase classname="com.qainfotech.tap.training.snl.api.BoardTest" name="check_If_rollDice_Produces_Result_Between_1_And_6" time="0.007"/>
  <testcase classname="com.qainfotech.tap.training.snl.api.BoardTest" name="check_If_rollDice_Produces_Result_Between_1_And_6" time="0.007"/>
  <testcase classname="com.qainfotech.tap.training.snl.api.BoardTest" name="check_If_rollDice_Produces_Result_Between_1_And_6" time="0.008"/>
  <testcase classname="com.qainfotech.tap.training.snl.api.BoardTest" name="check_If_rollDice_Produces_Result_Between_1_And_6" time="0.008"/>
  <testcase classname="com.qainfotech.tap.training.snl.api.BoardTest" name="check_If_rollDice_Produces_Result_Between_1_And_6" time="0.007"/>
  <testcase classname="com.qainfotech.tap.training.snl.api.BoardTest" name="check_If_rollDice_Produces_Result_Between_1_And_6" time="0.007"/>
  <testcase classname="com.qainfotech.tap.training.snl.api.BoardTest" name="check_If_rollDice_Produces_Result_Between_1_And_6" time="0.006"/>
  <testcase classname="com.qainfotech.tap.training.snl.api.BoardTest" name="check_If_rollDice_Produces_Result_Between_1_And_6" time="0.005"/>
  <testcase classname="com.qainfotech.tap.training.snl.api.BoardTest" name="check_If_rollDice_Produces_Result_Between_1_And_6" time="0.005"/>
  <testcase classname="com.qainfotech.tap.training.snl.api.BoardTest" name="check_If_rollDice_Produces_Result_Between_1_And_6" time="0.005"/>
  <testcase classname="com.qainfotech.tap.training.snl.api.BoardTest" name="check_If_rollDice_Produces_Result_Between_1_And_6" time="0.008"/>
  <testcase classname="com.qainfotech.tap.training.snl.api.BoardTest" name="check_If_rollDice_Produces_Result_Between_1_And_6" time="0.006"/>
  <testcase classname="com.qainfotech.tap.training.snl.api.BoardTest" name="check_If_rollDice_Produces_Result_Between_1_And_6" time="0.006"/>
  <testcase classname="com.qainfotech.tap.training.snl.api.BoardTest" name="check_If_rollDice_Produces_Result_Between_1_And_6" time="0.01"/>
  <testcase classname="com.qainfotech.tap.training.snl.api.BoardTest" name="check_If_rollDice_Produces_Result_Between_1_And_6" time="0.011"/>
  <testcase classname="com.qainfotech.tap.training.snl.api.BoardTest" name="check_If_rollDice_Produces_Result_Between_1_And_6" time="0.007"/>
  <testcase classname="com.qainfotech.tap.training.snl.api.BoardTest" name="check_If_rollDice_Produces_Result_Between_1_And_6" time="0.006"/>
  <testcase classname="com.qainfotech.tap.training.snl.api.BoardTest" name="check_If_rollDice_Produces_Result_Between_1_And_6" time="0.005"/>
  <testcase classname="com.qainfotech.tap.training.snl.api.BoardTest" name="check_If_rollDice_Produces_Result_Between_1_And_6" time="0.005"/>
  <testcase classname="com.qainfotech.tap.training.snl.api.BoardTest" name="check_If_rollDice_Produces_Result_Between_1_And_6" time="0.006"/>
  <testcase classname="com.qainfotech.tap.training.snl.api.BoardTest" name="check_If_rollDice_Produces_Result_Between_1_And_6" time="0.004"/>
  <testcase classname="com.qainfotech.tap.training.snl.api.BoardTest" name="check_If_rollDice_Produces_Result_Between_1_And_6" time="0.004"/>
  <testcase classname="com.qainfotech.tap.training.snl.api.BoardTest" name="check_If_rollDice_Produces_Result_Between_1_And_6" time="0.007"/>
  <testcase classname="com.qainfotech.tap.training.snl.api.BoardTest" name="check_If_rollDice_Produces_Result_Between_1_And_6" time="0.003"/>
  <testcase classname="com.qainfotech.tap.training.snl.api.BoardTest" name="check_If_rollDice_Produces_Result_Between_1_And_6" time="0.012"/>
  <testcase classname="com.qainfotech.tap.training.snl.api.BoardTest" name="check_If_rollDice_Produces_Result_Between_1_And_6" time="0.007"/>
  <testcase classname="com.qainfotech.tap.training.snl.api.BoardTest" name="check_If_rollDice_Produces_Result_Between_1_And_6" time="0.006"/>
  <testcase classname="com.qainfotech.tap.training.snl.api.BoardTest" name="check_If_rollDice_Produces_Result_Between_1_And_6" time="0.005"/>
  <testcase classname="com.qainfotech.tap.training.snl.api.BoardTest" name="check_If_rollDice_Produces_Result_Between_1_And_6" time="0.008"/>
  <testcase classname="com.qainfotech.tap.training.snl.api.BoardTest" name="check_If_rollDice_Produces_Result_Between_1_And_6" time="0.005"/>
  <testcase classname="com.qainfotech.tap.training.snl.api.BoardTest" name="check_If_rollDice_Produces_Result_Between_1_And_6" time="0.004"/>
  <testcase classname="com.qainfotech.tap.training.snl.api.BoardTest" name="check_If_rollDice_Produces_Result_Between_1_And_6" time="0.007"/>
  <testcase classname="com.qainfotech.tap.training.snl.api.BoardTest" name="check_If_rollDice_Produces_Result_Between_1_And_6" time="0.006"/>
  <testcase classname="com.qainfotech.tap.training.snl.api.BoardTest" name="check_If_rollDice_Produces_Result_Between_1_And_6" time="0.004"/>
  <testcase classname="com.qainfotech.tap.training.snl.api.BoardTest" name="check_If_rollDice_Produces_Result_Between_1_And_6" time="0.004"/>
  <testcase classname="com.qainfotech.tap.training.snl.api.BoardTest" name="check_If_rollDice_Produces_Result_Between_1_And_6" time="0.004"/>
  <testcase classname="com.qainfotech.tap.training.snl.api.BoardTest" name="check_If_toString_Returns_String" time="0.006"/>
  <testcase classname="com.qainfotech.tap.training.snl.api.BoardTest" name="check_getData_Returns_Data" time="0.004"/>
  <testcase classname="com.qainfotech.tap.training.snl.api.BoardTest" name="initialize_Board_An_Empty_Board" time="0.003"/>
  <testcase classname="com.qainfotech.tap.training.snl.api.BoardTest" name="register_Player_Should_Add_New_Player_To_The_Board" time="0.005"/>
  <testcase classname="com.qainfotech.tap.training.snl.api.BoardTest" name="register_Player_Should_Throw_Exception_When_Player_With_Same_Name_Exists" time="0.003"/>
</testsuite> <!-- Default test -->
